racetrack.UserController user show
racetrack.UserController user show
racetrack.UserController user show
racetrack.UserController user show
racetrack.UserController user show
racetrack.UserController user show
racetrack.UserController user show
racetrack.UserController user show
racetrack.UserController user show
racetrack.UserController User was shown
racetrack.UserController User was shown
racetrack.UserController User was shown
racetrack.UserController User was shown
racetrack.UserController User was shown
racetrack.UserController User was shown
racetrack.UserController User was shown
racetrack.UserController User was shown
racetrack.UserController User was shown
racetrack.UserController User was shown
racetrack.UserController User was shown
racetrack.UserController User was shown
racetrack.UserController User was shown
racetrack.UserController User was shown
racetrack.UserController User was created
racetrack.UserController User was shown
racetrack.UserController User was shown
racetrack.UserController User was shown
racetrack.UserController User was shown
racetrack.UserController User was shown
racetrack.UserController User was shown
racetrack.UserController User was shown
racetrack.UserController User was shown
racetrack.UserController User was shown
racetrack.UserController User was shown
racetrack.UserController User was shown
racetrack.UserController User was shown
---
racetrack.UserController User was shown
racetrack.UserController User logged in
racetrack.UserController User was shown
racetrack.UserController User was shown
racetrack.UserController User was shown
racetrack.UserController User was shown
racetrack.UserController User was shown
racetrack.UserController User was shown
racetrack.UserController User was shown
racetrack.UserController User was shown
racetrack.UserController User was shown
racetrack.UserController User was shown
racetrack.UserController User was shown
racetrack.UserController User was shown
racetrack.UserController User was shown
racetrack.UserController User was shown
racetrack.UserController User was shown
racetrack.UserController User was created
racetrack.UserController User was created
racetrack.UserController User was shown
racetrack.UserController User was created
racetrack.UserController User was shown
racetrack.UserController User was shown
racetrack.UserController User logged in
racetrack.UserController User was created
racetrack.UserController User was shown
racetrack.UserController User logged in
racetrack.UserController User was created
racetrack.UserController User was shown
racetrack.UserController User logged in
racetrack.UserController User logged in
racetrack.UserController User logged in
racetrack.UserController User logged in
racetrack.UserController User logged in
racetrack.UserController User logged in
racetrack.UserController User logged in
racetrack.UserController User logged in
racetrack.UserController User logged in
racetrack.UserController User logged in
racetrack.UserController User logged in
racetrack.UserController User was shown
racetrack.UserController User was shown
racetrack.UserController User was shown
racetrack.UserController User was shown
racetrack.UserController User was shown
racetrack.UserController User was shown
racetrack.UserController User was shown
racetrack.UserController User was shown
racetrack.UserController User was shown
racetrack.UserController User was shown
racetrack.UserController User was shown
racetrack.UserController User was shown
racetrack.UserController User was shown
racetrack.UserController User was shown
racetrack.UserController User was shown
racetrack.UserController User was shown
racetrack.UserController User was shown
racetrack.UserController User was shown
racetrack.UserController User was shown
racetrack.UserController User was shown
racetrack.UserController User was shown
racetrack.UserController User logged in
racetrack.UserController User logged in
racetrack.UserController User logged in
racetrack.UserController User logged in
racetrack.UserController User logged in
racetrack.UserController User logged in
racetrack.UserController User logged in
racetrack.UserController User logged in
racetrack.UserController User logged in
racetrack.UserController User logged in
racetrack.UserController User logged in
racetrack.UserController User logged in
racetrack.UserController User logged in
racetrack.UserController User logged in
racetrack.UserController User logged in
racetrack.UserController User logged in
racetrack.UserController User logged in
racetrack.UserController User logged in
racetrack.UserController User logged in
racetrack.UserController User logged in
racetrack.UserController User logged in
racetrack.UserController User logged in
racetrack.UserController User logged in
